[2025-11-09 09:04:36] [INFO] - [Main] config.yml から設定をロードしました。
[2025-11-09 09:04:36] [INFO] - Loaded config:
{
  "num_clients": 5,
  "num_rounds": 20,
  "local_epochs": 2,
  "non_iid_alpha": 0.3,
  "rank": 4,
  "shapley_tmc_iterations": 20,
  "eval_interval": 1
}
[2025-11-09 09:04:36] [INFO] - 
[Main] Using device: cuda
[2025-11-09 09:04:36] [INFO] - 
[Main] 共通データセットを準備します...
[2025-11-09 09:04:38] [INFO] - [Data] Non-IIDデータ分割を開始 (Alpha=0.3)...
[2025-11-09 09:04:38] [INFO] - [Data] 5 クライアント分のデータローダーを作成完了。
[2025-11-09 09:04:38] [INFO] - --- [パート1] B-Fixed Validation 版 ---
[2025-11-09 09:04:38] [INFO] - Clients: 5, Rounds: 20, Rank: 4
[2025-11-09 09:04:38] [INFO] - ------------------------------
[2025-11-09 09:04:38] [INFO] - [Server] B-Fixed サーバを初期化しました。 (B_server は更新されません)
[2025-11-09 09:04:38] [INFO] - [Main] 5 クライアントの初期化完了。
[2025-11-09 09:04:38] [INFO] - ------------------------------
[2025-11-09 09:04:38] [INFO] - [Main] グローバルテスト精度を 1 ラウンドごとに計算します。
[2025-11-09 09:04:38] [INFO] - 
--- Round 1/20 ---
[2025-11-09 09:04:44] [INFO] -   [Client 0] Local Train (A only): Avg Loss = 1.8799
[2025-11-09 09:04:45] [INFO] -   [Client 0] Evaluate Reward: R_i = 38.05% (3808/10008)
[2025-11-09 09:04:50] [INFO] -   [Client 1] Local Train (A only): Avg Loss = 2.0353
[2025-11-09 09:04:51] [INFO] -   [Client 1] Evaluate Reward: R_i = 33.58% (2931/8729)
[2025-11-09 09:04:56] [INFO] -   [Client 2] Local Train (A only): Avg Loss = 1.7119
[2025-11-09 09:04:57] [INFO] -   [Client 2] Evaluate Reward: R_i = 54.61% (4920/9010)
[2025-11-09 09:04:59] [INFO] -   [Client 3] Local Train (A only): Avg Loss = 1.4058
[2025-11-09 09:05:00] [INFO] -   [Client 3] Evaluate Reward: R_i = 54.42% (2187/4019)
[2025-11-09 09:05:09] [INFO] -   [Client 4] Local Train (A only): Avg Loss = 1.9585
[2025-11-09 09:05:12] [INFO] -   [Client 4] Evaluate Reward: R_i = 38.40% (7001/18234)
[2025-11-09 09:05:12] [INFO] -          [Server] B_server は固定されているため、更新をスキップします。
[2025-11-09 09:05:12] [INFO] -          [Server] Round 1 Avg Reward (All Clients): 43.81%
[2025-11-09 09:05:12] [INFO] - 
[Main] Round 1: グローバルテスト精度を計算中...
[2025-11-09 09:05:13] [INFO] - ====== [Main] Round 1 Global Test Accuracy: 20.3400% ======
[2025-11-09 09:05:13] [INFO] - 
--- Round 2/20 ---
[2025-11-09 09:05:17] [INFO] -   [Client 0] Local Train (A only): Avg Loss = 1.7874
[2025-11-09 09:05:19] [INFO] -   [Client 0] Evaluate Reward: R_i = 38.42% (3845/10008)
[2025-11-09 09:05:23] [INFO] -   [Client 1] Local Train (A only): Avg Loss = 1.9293
[2025-11-09 09:05:25] [INFO] -   [Client 1] Evaluate Reward: R_i = 35.64% (3111/8729)
[2025-11-09 09:05:29] [INFO] -   [Client 2] Local Train (A only): Avg Loss = 1.5444
[2025-11-09 09:05:30] [INFO] -   [Client 2] Evaluate Reward: R_i = 57.47% (5178/9010)
[2025-11-09 09:05:32] [INFO] -   [Client 3] Local Train (A only): Avg Loss = 1.2390
[2025-11-09 09:05:33] [INFO] -   [Client 3] Evaluate Reward: R_i = 55.06% (2213/4019)
[2025-11-09 09:05:40] [INFO] -   [Client 4] Local Train (A only): Avg Loss = 1.8460
[2025-11-09 09:05:43] [INFO] -   [Client 4] Evaluate Reward: R_i = 40.25% (7339/18234)
[2025-11-09 09:05:43] [INFO] -          [Server] B_server は固定されているため、更新をスキップします。
[2025-11-09 09:05:43] [INFO] -          [Server] Round 2 Avg Reward (All Clients): 45.37%
[2025-11-09 09:05:43] [INFO] - 
[Main] Round 2: グローバルテスト精度を計算中...
[2025-11-09 09:05:45] [INFO] - ====== [Main] Round 2 Global Test Accuracy: 21.5400% ======
[2025-11-09 09:05:45] [INFO] - 
--- Round 3/20 ---
[2025-11-09 09:05:49] [INFO] -   [Client 0] Local Train (A only): Avg Loss = 1.7650
[2025-11-09 09:05:51] [INFO] -   [Client 0] Evaluate Reward: R_i = 38.83% (3886/10008)
[2025-11-09 09:05:55] [INFO] -   [Client 1] Local Train (A only): Avg Loss = 1.8846
[2025-11-09 09:05:56] [INFO] -   [Client 1] Evaluate Reward: R_i = 38.70% (3378/8729)
[2025-11-09 09:06:00] [INFO] -   [Client 2] Local Train (A only): Avg Loss = 1.4844
[2025-11-09 09:06:02] [INFO] -   [Client 2] Evaluate Reward: R_i = 59.33% (5346/9010)
[2025-11-09 09:06:04] [INFO] -   [Client 3] Local Train (A only): Avg Loss = 1.2006
[2025-11-09 09:06:04] [INFO] -   [Client 3] Evaluate Reward: R_i = 55.14% (2216/4019)
[2025-11-09 09:06:12] [INFO] -   [Client 4] Local Train (A only): Avg Loss = 1.8016
[2025-11-09 09:06:15] [INFO] -   [Client 4] Evaluate Reward: R_i = 41.17% (7507/18234)
[2025-11-09 09:06:15] [INFO] -          [Server] B_server は固定されているため、更新をスキップします。
[2025-11-09 09:06:15] [INFO] -          [Server] Round 3 Avg Reward (All Clients): 46.63%
[2025-11-09 09:06:15] [INFO] - 
[Main] Round 3: グローバルテスト精度を計算中...
[2025-11-09 09:06:16] [INFO] - ====== [Main] Round 3 Global Test Accuracy: 23.0300% ======
[2025-11-09 09:06:16] [INFO] - 
--- Round 4/20 ---
[2025-11-09 09:06:21] [INFO] -   [Client 0] Local Train (A only): Avg Loss = 1.7506
[2025-11-09 09:06:22] [INFO] -   [Client 0] Evaluate Reward: R_i = 38.74% (3877/10008)
[2025-11-09 09:06:26] [INFO] -   [Client 1] Local Train (A only): Avg Loss = 1.8538
[2025-11-09 09:06:28] [INFO] -   [Client 1] Evaluate Reward: R_i = 39.90% (3483/8729)
[2025-11-09 09:06:32] [INFO] -   [Client 2] Local Train (A only): Avg Loss = 1.4448
[2025-11-09 09:06:33] [INFO] -   [Client 2] Evaluate Reward: R_i = 59.84% (5392/9010)
[2025-11-09 09:06:35] [INFO] -   [Client 3] Local Train (A only): Avg Loss = 1.1793
[2025-11-09 09:06:36] [INFO] -   [Client 3] Evaluate Reward: R_i = 55.46% (2229/4019)
[2025-11-09 09:06:44] [INFO] -   [Client 4] Local Train (A only): Avg Loss = 1.7717
[2025-11-09 09:06:46] [INFO] -   [Client 4] Evaluate Reward: R_i = 41.36% (7541/18234)
[2025-11-09 09:06:46] [INFO] -          [Server] B_server は固定されているため、更新をスキップします。
[2025-11-09 09:06:46] [INFO] -          [Server] Round 4 Avg Reward (All Clients): 47.06%
[2025-11-09 09:06:46] [INFO] - 
[Main] Round 4: グローバルテスト精度を計算中...
[2025-11-09 09:06:48] [INFO] - ====== [Main] Round 4 Global Test Accuracy: 23.6900% ======
[2025-11-09 09:06:48] [INFO] - 
--- Round 5/20 ---
[2025-11-09 09:06:52] [INFO] -   [Client 0] Local Train (A only): Avg Loss = 1.7392
[2025-11-09 09:06:54] [INFO] -   [Client 0] Evaluate Reward: R_i = 39.21% (3924/10008)
[2025-11-09 09:06:57] [INFO] -   [Client 1] Local Train (A only): Avg Loss = 1.8303
[2025-11-09 09:06:59] [INFO] -   [Client 1] Evaluate Reward: R_i = 40.73% (3555/8729)
[2025-11-09 09:07:03] [INFO] -   [Client 2] Local Train (A only): Avg Loss = 1.4156
[2025-11-09 09:07:05] [INFO] -   [Client 2] Evaluate Reward: R_i = 60.79% (5477/9010)
[2025-11-09 09:07:06] [INFO] -   [Client 3] Local Train (A only): Avg Loss = 1.1632
[2025-11-09 09:07:07] [INFO] -   [Client 3] Evaluate Reward: R_i = 55.46% (2229/4019)
[2025-11-09 09:07:15] [INFO] -   [Client 4] Local Train (A only): Avg Loss = 1.7488
[2025-11-09 09:07:18] [INFO] -   [Client 4] Evaluate Reward: R_i = 42.77% (7799/18234)
[2025-11-09 09:07:18] [INFO] -          [Server] B_server は固定されているため、更新をスキップします。
[2025-11-09 09:07:18] [INFO] -          [Server] Round 5 Avg Reward (All Clients): 47.79%
[2025-11-09 09:07:18] [INFO] - 
[Main] Round 5: グローバルテスト精度を計算中...
[2025-11-09 09:07:19] [INFO] - ====== [Main] Round 5 Global Test Accuracy: 24.4700% ======
[2025-11-09 09:07:19] [INFO] - 
--- Round 6/20 ---
[2025-11-09 09:07:23] [INFO] -   [Client 0] Local Train (A only): Avg Loss = 1.7297
[2025-11-09 09:07:25] [INFO] -   [Client 0] Evaluate Reward: R_i = 39.39% (3942/10008)
[2025-11-09 09:07:29] [INFO] -   [Client 1] Local Train (A only): Avg Loss = 1.8117
[2025-11-09 09:07:30] [INFO] -   [Client 1] Evaluate Reward: R_i = 41.08% (3586/8729)
[2025-11-09 09:07:34] [INFO] -   [Client 2] Local Train (A only): Avg Loss = 1.3912
[2025-11-09 09:07:36] [INFO] -   [Client 2] Evaluate Reward: R_i = 61.98% (5584/9010)
[2025-11-09 09:07:38] [INFO] -   [Client 3] Local Train (A only): Avg Loss = 1.1505
[2025-11-09 09:07:38] [INFO] -   [Client 3] Evaluate Reward: R_i = 55.81% (2243/4019)
[2025-11-09 09:07:46] [INFO] -   [Client 4] Local Train (A only): Avg Loss = 1.7304
[2025-11-09 09:07:49] [INFO] -   [Client 4] Evaluate Reward: R_i = 43.51% (7933/18234)
[2025-11-09 09:07:49] [INFO] -          [Server] B_server は固定されているため、更新をスキップします。
[2025-11-09 09:07:49] [INFO] -          [Server] Round 6 Avg Reward (All Clients): 48.35%
[2025-11-09 09:07:49] [INFO] - 
[Main] Round 6: グローバルテスト精度を計算中...
[2025-11-09 09:07:50] [INFO] - ====== [Main] Round 6 Global Test Accuracy: 24.7700% ======
[2025-11-09 09:07:50] [INFO] - 
--- Round 7/20 ---
[2025-11-09 09:07:54] [INFO] -   [Client 0] Local Train (A only): Avg Loss = 1.7214
[2025-11-09 09:07:56] [INFO] -   [Client 0] Evaluate Reward: R_i = 39.14% (3917/10008)
[2025-11-09 09:08:00] [INFO] -   [Client 1] Local Train (A only): Avg Loss = 1.7962
[2025-11-09 09:08:01] [INFO] -   [Client 1] Evaluate Reward: R_i = 42.10% (3675/8729)
[2025-11-09 09:08:05] [INFO] -   [Client 2] Local Train (A only): Avg Loss = 1.3722
[2025-11-09 09:08:07] [INFO] -   [Client 2] Evaluate Reward: R_i = 62.28% (5611/9010)
[2025-11-09 09:08:09] [INFO] -   [Client 3] Local Train (A only): Avg Loss = 1.1393
[2025-11-09 09:08:09] [INFO] -   [Client 3] Evaluate Reward: R_i = 55.96% (2249/4019)
[2025-11-09 09:08:17] [INFO] -   [Client 4] Local Train (A only): Avg Loss = 1.7143
[2025-11-09 09:08:20] [INFO] -   [Client 4] Evaluate Reward: R_i = 43.61% (7952/18234)
[2025-11-09 09:08:20] [INFO] -          [Server] B_server は固定されているため、更新をスキップします。
[2025-11-09 09:08:20] [INFO] -          [Server] Round 7 Avg Reward (All Clients): 48.62%
[2025-11-09 09:08:20] [INFO] - 
[Main] Round 7: グローバルテスト精度を計算中...
[2025-11-09 09:08:21] [INFO] - ====== [Main] Round 7 Global Test Accuracy: 25.2400% ======
[2025-11-09 09:08:21] [INFO] - 
--- Round 8/20 ---
[2025-11-09 09:08:25] [INFO] -   [Client 0] Local Train (A only): Avg Loss = 1.7142
[2025-11-09 09:08:27] [INFO] -   [Client 0] Evaluate Reward: R_i = 39.40% (3943/10008)
[2025-11-09 09:08:31] [INFO] -   [Client 1] Local Train (A only): Avg Loss = 1.7833
[2025-11-09 09:08:32] [INFO] -   [Client 1] Evaluate Reward: R_i = 42.71% (3728/8729)
[2025-11-09 09:08:36] [INFO] -   [Client 2] Local Train (A only): Avg Loss = 1.3545
[2025-11-09 09:08:38] [INFO] -   [Client 2] Evaluate Reward: R_i = 61.60% (5550/9010)
[2025-11-09 09:08:39] [INFO] -   [Client 3] Local Train (A only): Avg Loss = 1.1297
[2025-11-09 09:08:40] [INFO] -   [Client 3] Evaluate Reward: R_i = 56.06% (2253/4019)
[2025-11-09 09:08:48] [INFO] -   [Client 4] Local Train (A only): Avg Loss = 1.7005
[2025-11-09 09:08:51] [INFO] -   [Client 4] Evaluate Reward: R_i = 43.91% (8007/18234)
[2025-11-09 09:08:51] [INFO] -          [Server] B_server は固定されているため、更新をスキップします。
[2025-11-09 09:08:51] [INFO] -          [Server] Round 8 Avg Reward (All Clients): 48.74%
[2025-11-09 09:08:51] [INFO] - 
[Main] Round 8: グローバルテスト精度を計算中...
[2025-11-09 09:08:52] [INFO] - ====== [Main] Round 8 Global Test Accuracy: 25.5300% ======
[2025-11-09 09:08:52] [INFO] - 
--- Round 9/20 ---
[2025-11-09 09:08:56] [INFO] -   [Client 0] Local Train (A only): Avg Loss = 1.7077
[2025-11-09 09:08:58] [INFO] -   [Client 0] Evaluate Reward: R_i = 39.39% (3942/10008)
[2025-11-09 09:09:02] [INFO] -   [Client 1] Local Train (A only): Avg Loss = 1.7711
[2025-11-09 09:09:03] [INFO] -   [Client 1] Evaluate Reward: R_i = 40.65% (3548/8729)
[2025-11-09 09:09:07] [INFO] -   [Client 2] Local Train (A only): Avg Loss = 1.3398
[2025-11-09 09:09:09] [INFO] -   [Client 2] Evaluate Reward: R_i = 62.66% (5646/9010)
[2025-11-09 09:09:11] [INFO] -   [Client 3] Local Train (A only): Avg Loss = 1.1217
[2025-11-09 09:09:11] [INFO] -   [Client 3] Evaluate Reward: R_i = 56.26% (2261/4019)
[2025-11-09 09:09:19] [INFO] -   [Client 4] Local Train (A only): Avg Loss = 1.6884
[2025-11-09 09:09:22] [INFO] -   [Client 4] Evaluate Reward: R_i = 44.31% (8079/18234)
[2025-11-09 09:09:22] [INFO] -          [Server] B_server は固定されているため、更新をスキップします。
[2025-11-09 09:09:22] [INFO] -          [Server] Round 9 Avg Reward (All Clients): 48.65%
[2025-11-09 09:09:22] [INFO] - 
[Main] Round 9: グローバルテスト精度を計算中...
[2025-11-09 09:09:23] [INFO] - ====== [Main] Round 9 Global Test Accuracy: 25.8900% ======
[2025-11-09 09:09:23] [INFO] - 
--- Round 10/20 ---
[2025-11-09 09:09:27] [INFO] -   [Client 0] Local Train (A only): Avg Loss = 1.7013
[2025-11-09 09:09:29] [INFO] -   [Client 0] Evaluate Reward: R_i = 39.45% (3948/10008)
[2025-11-09 09:09:32] [INFO] -   [Client 1] Local Train (A only): Avg Loss = 1.7610
[2025-11-09 09:09:34] [INFO] -   [Client 1] Evaluate Reward: R_i = 42.57% (3716/8729)
[2025-11-09 09:09:38] [INFO] -   [Client 2] Local Train (A only): Avg Loss = 1.3262
[2025-11-09 09:09:40] [INFO] -   [Client 2] Evaluate Reward: R_i = 63.45% (5717/9010)
[2025-11-09 09:09:41] [INFO] -   [Client 3] Local Train (A only): Avg Loss = 1.1152
[2025-11-09 09:09:42] [INFO] -   [Client 3] Evaluate Reward: R_i = 56.33% (2264/4019)
[2025-11-09 09:09:50] [INFO] -   [Client 4] Local Train (A only): Avg Loss = 1.6767
[2025-11-09 09:09:53] [INFO] -   [Client 4] Evaluate Reward: R_i = 44.63% (8137/18234)
[2025-11-09 09:09:53] [INFO] -          [Server] B_server は固定されているため、更新をスキップします。
[2025-11-09 09:09:53] [INFO] -          [Server] Round 10 Avg Reward (All Clients): 49.29%
[2025-11-09 09:09:53] [INFO] - 
[Main] Round 10: グローバルテスト精度を計算中...
[2025-11-09 09:09:54] [INFO] - ====== [Main] Round 10 Global Test Accuracy: 26.1500% ======
[2025-11-09 09:09:54] [INFO] - 
--- Round 11/20 ---
[2025-11-09 09:09:58] [INFO] -   [Client 0] Local Train (A only): Avg Loss = 1.6957
[2025-11-09 09:10:00] [INFO] -   [Client 0] Evaluate Reward: R_i = 39.83% (3986/10008)
[2025-11-09 09:10:03] [INFO] -   [Client 1] Local Train (A only): Avg Loss = 1.7518
[2025-11-09 09:10:05] [INFO] -   [Client 1] Evaluate Reward: R_i = 43.52% (3799/8729)
[2025-11-09 09:10:09] [INFO] -   [Client 2] Local Train (A only): Avg Loss = 1.3141
[2025-11-09 09:10:10] [INFO] -   [Client 2] Evaluate Reward: R_i = 64.12% (5777/9010)
[2025-11-09 09:10:12] [INFO] -   [Client 3] Local Train (A only): Avg Loss = 1.1086
[2025-11-09 09:10:13] [INFO] -   [Client 3] Evaluate Reward: R_i = 56.38% (2266/4019)
[2025-11-09 09:10:20] [INFO] -   [Client 4] Local Train (A only): Avg Loss = 1.6668
[2025-11-09 09:10:24] [INFO] -   [Client 4] Evaluate Reward: R_i = 44.61% (8134/18234)
[2025-11-09 09:10:24] [INFO] -          [Server] B_server は固定されているため、更新をスキップします。
[2025-11-09 09:10:24] [INFO] -          [Server] Round 11 Avg Reward (All Clients): 49.69%
[2025-11-09 09:10:24] [INFO] - 
[Main] Round 11: グローバルテスト精度を計算中...
[2025-11-09 09:10:25] [INFO] - ====== [Main] Round 11 Global Test Accuracy: 26.6100% ======
[2025-11-09 09:10:25] [INFO] - 
--- Round 12/20 ---
[2025-11-09 09:10:28] [INFO] -   [Client 0] Local Train (A only): Avg Loss = 1.6907
[2025-11-09 09:10:30] [INFO] -   [Client 0] Evaluate Reward: R_i = 39.62% (3965/10008)
[2025-11-09 09:10:34] [INFO] -   [Client 1] Local Train (A only): Avg Loss = 1.7434
[2025-11-09 09:10:36] [INFO] -   [Client 1] Evaluate Reward: R_i = 44.24% (3862/8729)
[2025-11-09 09:10:39] [INFO] -   [Client 2] Local Train (A only): Avg Loss = 1.3027
[2025-11-09 09:10:41] [INFO] -   [Client 2] Evaluate Reward: R_i = 64.14% (5779/9010)
[2025-11-09 09:10:43] [INFO] -   [Client 3] Local Train (A only): Avg Loss = 1.1029
[2025-11-09 09:10:44] [INFO] -   [Client 3] Evaluate Reward: R_i = 56.51% (2271/4019)
[2025-11-09 09:10:51] [INFO] -   [Client 4] Local Train (A only): Avg Loss = 1.6577
[2025-11-09 09:10:55] [INFO] -   [Client 4] Evaluate Reward: R_i = 44.82% (8172/18234)
[2025-11-09 09:10:55] [INFO] -          [Server] B_server は固定されているため、更新をスキップします。
[2025-11-09 09:10:55] [INFO] -          [Server] Round 12 Avg Reward (All Clients): 49.87%
[2025-11-09 09:10:55] [INFO] - 
[Main] Round 12: グローバルテスト精度を計算中...
[2025-11-09 09:10:56] [INFO] - ====== [Main] Round 12 Global Test Accuracy: 26.8100% ======
[2025-11-09 09:10:56] [INFO] - 
--- Round 13/20 ---
[2025-11-09 09:11:00] [INFO] -   [Client 0] Local Train (A only): Avg Loss = 1.6859
[2025-11-09 09:11:02] [INFO] -   [Client 0] Evaluate Reward: R_i = 39.77% (3980/10008)
[2025-11-09 09:11:05] [INFO] -   [Client 1] Local Train (A only): Avg Loss = 1.7359
[2025-11-09 09:11:07] [INFO] -   [Client 1] Evaluate Reward: R_i = 43.83% (3826/8729)
[2025-11-09 09:11:11] [INFO] -   [Client 2] Local Train (A only): Avg Loss = 1.2934
[2025-11-09 09:11:13] [INFO] -   [Client 2] Evaluate Reward: R_i = 64.21% (5785/9010)
[2025-11-09 09:11:14] [INFO] -   [Client 3] Local Train (A only): Avg Loss = 1.0973
[2025-11-09 09:11:15] [INFO] -   [Client 3] Evaluate Reward: R_i = 56.46% (2269/4019)
[2025-11-09 09:11:23] [INFO] -   [Client 4] Local Train (A only): Avg Loss = 1.6490
[2025-11-09 09:11:26] [INFO] -   [Client 4] Evaluate Reward: R_i = 45.82% (8355/18234)
[2025-11-09 09:11:26] [INFO] -          [Server] B_server は固定されているため、更新をスキップします。
[2025-11-09 09:11:26] [INFO] -          [Server] Round 13 Avg Reward (All Clients): 50.02%
[2025-11-09 09:11:26] [INFO] - 
[Main] Round 13: グローバルテスト精度を計算中...
[2025-11-09 09:11:27] [INFO] - ====== [Main] Round 13 Global Test Accuracy: 27.0000% ======
[2025-11-09 09:11:27] [INFO] - 
--- Round 14/20 ---
[2025-11-09 09:11:31] [INFO] -   [Client 0] Local Train (A only): Avg Loss = 1.6810
[2025-11-09 09:11:33] [INFO] -   [Client 0] Evaluate Reward: R_i = 39.19% (3922/10008)
[2025-11-09 09:11:37] [INFO] -   [Client 1] Local Train (A only): Avg Loss = 1.7286
[2025-11-09 09:11:38] [INFO] -   [Client 1] Evaluate Reward: R_i = 44.13% (3852/8729)
[2025-11-09 09:11:42] [INFO] -   [Client 2] Local Train (A only): Avg Loss = 1.2828
[2025-11-09 09:11:44] [INFO] -   [Client 2] Evaluate Reward: R_i = 64.26% (5790/9010)
[2025-11-09 09:11:46] [INFO] -   [Client 3] Local Train (A only): Avg Loss = 1.0917
[2025-11-09 09:11:46] [INFO] -   [Client 3] Evaluate Reward: R_i = 56.61% (2275/4019)
[2025-11-09 09:11:54] [INFO] -   [Client 4] Local Train (A only): Avg Loss = 1.6415
[2025-11-09 09:11:57] [INFO] -   [Client 4] Evaluate Reward: R_i = 45.55% (8306/18234)
[2025-11-09 09:11:57] [INFO] -          [Server] B_server は固定されているため、更新をスキップします。
[2025-11-09 09:11:57] [INFO] -          [Server] Round 14 Avg Reward (All Clients): 49.95%
[2025-11-09 09:11:57] [INFO] - 
[Main] Round 14: グローバルテスト精度を計算中...
[2025-11-09 09:11:59] [INFO] - ====== [Main] Round 14 Global Test Accuracy: 27.0100% ======
[2025-11-09 09:11:59] [INFO] - 
--- Round 15/20 ---
[2025-11-09 09:12:02] [INFO] -   [Client 0] Local Train (A only): Avg Loss = 1.6767
[2025-11-09 09:12:04] [INFO] -   [Client 0] Evaluate Reward: R_i = 39.79% (3982/10008)
[2025-11-09 09:12:08] [INFO] -   [Client 1] Local Train (A only): Avg Loss = 1.7213
[2025-11-09 09:12:10] [INFO] -   [Client 1] Evaluate Reward: R_i = 44.03% (3843/8729)
[2025-11-09 09:12:13] [INFO] -   [Client 2] Local Train (A only): Avg Loss = 1.2749
[2025-11-09 09:12:15] [INFO] -   [Client 2] Evaluate Reward: R_i = 64.48% (5810/9010)
[2025-11-09 09:12:17] [INFO] -   [Client 3] Local Train (A only): Avg Loss = 1.0867
[2025-11-09 09:12:18] [INFO] -   [Client 3] Evaluate Reward: R_i = 56.66% (2277/4019)
[2025-11-09 09:12:25] [INFO] -   [Client 4] Local Train (A only): Avg Loss = 1.6341
[2025-11-09 09:12:29] [INFO] -   [Client 4] Evaluate Reward: R_i = 45.01% (8208/18234)
[2025-11-09 09:12:29] [INFO] -          [Server] B_server は固定されているため、更新をスキップします。
[2025-11-09 09:12:29] [INFO] -          [Server] Round 15 Avg Reward (All Clients): 49.99%
[2025-11-09 09:12:29] [INFO] - 
[Main] Round 15: グローバルテスト精度を計算中...
[2025-11-09 09:12:30] [INFO] - ====== [Main] Round 15 Global Test Accuracy: 27.1700% ======
[2025-11-09 09:12:30] [INFO] - 
--- Round 16/20 ---
[2025-11-09 09:12:34] [INFO] -   [Client 0] Local Train (A only): Avg Loss = 1.6726
[2025-11-09 09:12:36] [INFO] -   [Client 0] Evaluate Reward: R_i = 39.94% (3997/10008)
[2025-11-09 09:12:39] [INFO] -   [Client 1] Local Train (A only): Avg Loss = 1.7151
[2025-11-09 09:12:41] [INFO] -   [Client 1] Evaluate Reward: R_i = 44.60% (3893/8729)
[2025-11-09 09:12:45] [INFO] -   [Client 2] Local Train (A only): Avg Loss = 1.2663
[2025-11-09 09:12:46] [INFO] -   [Client 2] Evaluate Reward: R_i = 65.24% (5878/9010)
[2025-11-09 09:12:48] [INFO] -   [Client 3] Local Train (A only): Avg Loss = 1.0818
[2025-11-09 09:12:49] [INFO] -   [Client 3] Evaluate Reward: R_i = 56.71% (2279/4019)
[2025-11-09 09:12:56] [INFO] -   [Client 4] Local Train (A only): Avg Loss = 1.6272
[2025-11-09 09:13:00] [INFO] -   [Client 4] Evaluate Reward: R_i = 46.27% (8436/18234)
[2025-11-09 09:13:00] [INFO] -          [Server] B_server は固定されているため、更新をスキップします。
[2025-11-09 09:13:00] [INFO] -          [Server] Round 16 Avg Reward (All Clients): 50.55%
[2025-11-09 09:13:00] [INFO] - 
[Main] Round 16: グローバルテスト精度を計算中...
[2025-11-09 09:13:01] [INFO] - ====== [Main] Round 16 Global Test Accuracy: 27.4400% ======
[2025-11-09 09:13:01] [INFO] - 
--- Round 17/20 ---
[2025-11-09 09:13:05] [INFO] -   [Client 0] Local Train (A only): Avg Loss = 1.6691
[2025-11-09 09:13:07] [INFO] -   [Client 0] Evaluate Reward: R_i = 39.94% (3997/10008)
[2025-11-09 09:13:10] [INFO] -   [Client 1] Local Train (A only): Avg Loss = 1.7097
[2025-11-09 09:13:12] [INFO] -   [Client 1] Evaluate Reward: R_i = 44.61% (3894/8729)
[2025-11-09 09:13:16] [INFO] -   [Client 2] Local Train (A only): Avg Loss = 1.2592
[2025-11-09 09:13:18] [INFO] -   [Client 2] Evaluate Reward: R_i = 65.06% (5862/9010)
[2025-11-09 09:13:19] [INFO] -   [Client 3] Local Train (A only): Avg Loss = 1.0775
[2025-11-09 09:13:20] [INFO] -   [Client 3] Evaluate Reward: R_i = 56.73% (2280/4019)
[2025-11-09 09:13:28] [INFO] -   [Client 4] Local Train (A only): Avg Loss = 1.6205
[2025-11-09 09:13:31] [INFO] -   [Client 4] Evaluate Reward: R_i = 46.40% (8460/18234)
[2025-11-09 09:13:31] [INFO] -          [Server] B_server は固定されているため、更新をスキップします。
[2025-11-09 09:13:31] [INFO] -          [Server] Round 17 Avg Reward (All Clients): 50.55%
[2025-11-09 09:13:31] [INFO] - 
[Main] Round 17: グローバルテスト精度を計算中...
[2025-11-09 09:13:32] [INFO] - ====== [Main] Round 17 Global Test Accuracy: 27.7800% ======
[2025-11-09 09:13:32] [INFO] - 
--- Round 18/20 ---
[2025-11-09 09:13:37] [INFO] -   [Client 0] Local Train (A only): Avg Loss = 1.6651
[2025-11-09 09:13:38] [INFO] -   [Client 0] Evaluate Reward: R_i = 40.13% (4016/10008)
[2025-11-09 09:13:42] [INFO] -   [Client 1] Local Train (A only): Avg Loss = 1.7040
[2025-11-09 09:13:43] [INFO] -   [Client 1] Evaluate Reward: R_i = 45.19% (3945/8729)
[2025-11-09 09:13:47] [INFO] -   [Client 2] Local Train (A only): Avg Loss = 1.2521
[2025-11-09 09:13:49] [INFO] -   [Client 2] Evaluate Reward: R_i = 64.68% (5828/9010)
[2025-11-09 09:13:51] [INFO] -   [Client 3] Local Train (A only): Avg Loss = 1.0724
[2025-11-09 09:13:51] [INFO] -   [Client 3] Evaluate Reward: R_i = 56.61% (2275/4019)
[2025-11-09 09:13:59] [INFO] -   [Client 4] Local Train (A only): Avg Loss = 1.6146
[2025-11-09 09:14:02] [INFO] -   [Client 4] Evaluate Reward: R_i = 46.79% (8531/18234)
[2025-11-09 09:14:02] [INFO] -          [Server] B_server は固定されているため、更新をスキップします。
[2025-11-09 09:14:02] [INFO] -          [Server] Round 18 Avg Reward (All Clients): 50.68%
[2025-11-09 09:14:02] [INFO] - 
[Main] Round 18: グローバルテスト精度を計算中...
[2025-11-09 09:14:03] [INFO] - ====== [Main] Round 18 Global Test Accuracy: 27.4000% ======
[2025-11-09 09:14:03] [INFO] - 
--- Round 19/20 ---
[2025-11-09 09:14:08] [INFO] -   [Client 0] Local Train (A only): Avg Loss = 1.6617
[2025-11-09 09:14:09] [INFO] -   [Client 0] Evaluate Reward: R_i = 39.70% (3973/10008)
[2025-11-09 09:14:13] [INFO] -   [Client 1] Local Train (A only): Avg Loss = 1.6985
[2025-11-09 09:14:14] [INFO] -   [Client 1] Evaluate Reward: R_i = 45.11% (3938/8729)
[2025-11-09 09:14:18] [INFO] -   [Client 2] Local Train (A only): Avg Loss = 1.2445
[2025-11-09 09:14:20] [INFO] -   [Client 2] Evaluate Reward: R_i = 65.48% (5900/9010)
[2025-11-09 09:14:21] [INFO] -   [Client 3] Local Train (A only): Avg Loss = 1.0705
[2025-11-09 09:14:22] [INFO] -   [Client 3] Evaluate Reward: R_i = 56.88% (2286/4019)
[2025-11-09 09:14:30] [INFO] -   [Client 4] Local Train (A only): Avg Loss = 1.6091
[2025-11-09 09:14:33] [INFO] -   [Client 4] Evaluate Reward: R_i = 47.01% (8571/18234)
[2025-11-09 09:14:33] [INFO] -          [Server] B_server は固定されているため、更新をスキップします。
[2025-11-09 09:14:33] [INFO] -          [Server] Round 19 Avg Reward (All Clients): 50.84%
[2025-11-09 09:14:33] [INFO] - 
[Main] Round 19: グローバルテスト精度を計算中...
[2025-11-09 09:14:34] [INFO] - ====== [Main] Round 19 Global Test Accuracy: 27.8100% ======
[2025-11-09 09:14:34] [INFO] - 
--- Round 20/20 ---
[2025-11-09 09:14:39] [INFO] -   [Client 0] Local Train (A only): Avg Loss = 1.6583
[2025-11-09 09:14:40] [INFO] -   [Client 0] Evaluate Reward: R_i = 39.81% (3984/10008)
[2025-11-09 09:14:44] [INFO] -   [Client 1] Local Train (A only): Avg Loss = 1.6933
[2025-11-09 09:14:45] [INFO] -   [Client 1] Evaluate Reward: R_i = 45.50% (3972/8729)
[2025-11-09 09:14:49] [INFO] -   [Client 2] Local Train (A only): Avg Loss = 1.2382
[2025-11-09 09:14:51] [INFO] -   [Client 2] Evaluate Reward: R_i = 65.95% (5942/9010)
[2025-11-09 09:14:52] [INFO] -   [Client 3] Local Train (A only): Avg Loss = 1.0658
[2025-11-09 09:14:53] [INFO] -   [Client 3] Evaluate Reward: R_i = 57.00% (2291/4019)
[2025-11-09 09:15:01] [INFO] -   [Client 4] Local Train (A only): Avg Loss = 1.6035
[2025-11-09 09:15:05] [INFO] -   [Client 4] Evaluate Reward: R_i = 46.81% (8535/18234)
[2025-11-09 09:15:05] [INFO] -          [Server] B_server は固定されているため、更新をスキップします。
[2025-11-09 09:15:05] [INFO] - 
[Server] Shapley値 (TMC) の計算を開始...
[2025-11-09 09:15:05] [INFO] -            [Shapley] TMC-Shapley (T=20) 開始...
[2025-11-09 09:15:06] [INFO] -            [Shapley] V(S=[1]) = 25.1300%
[2025-11-09 09:15:07] [INFO] -            [Shapley] V(S=[1, 3]) = 21.4600%
[2025-11-09 09:15:08] [INFO] -            [Shapley] V(S=[1, 3, 4]) = 25.0100%
[2025-11-09 09:15:09] [INFO] -            [Shapley] V(S=[0, 1, 3, 4]) = 31.8000%
[2025-11-09 09:15:10] [INFO] -            [Shapley] V(S=[0, 1, 2, 3, 4]) = 27.7000%
[2025-11-09 09:15:12] [INFO] -            [Shapley] V(S=[3]) = 14.9500%
[2025-11-09 09:15:13] [INFO] -            [Shapley] V(S=[1, 3]) = 21.4600%
[2025-11-09 09:15:13] [INFO] -            [Shapley] V(S=[0, 1, 3]) = 27.2400%
[2025-11-09 09:15:14] [INFO] -            [Shapley] V(S=[0, 1, 3, 4]) = 31.8000%
[2025-11-09 09:15:16] [INFO] -            [Shapley] V(S=[0, 1, 2, 3, 4]) = 27.7000%
[2025-11-09 09:15:17] [INFO] -            [Shapley] V(S=[0]) = 19.0600%
[2025-11-09 09:15:18] [INFO] -            [Shapley] V(S=[0, 2]) = 22.8300%
[2025-11-09 09:15:19] [INFO] -            [Shapley] V(S=[0, 2, 4]) = 28.2600%
[2025-11-09 09:15:20] [INFO] -            [Shapley] V(S=[0, 1, 2, 4]) = 28.6100%
[2025-11-09 09:15:21] [INFO] -            [Shapley] V(S=[0, 1, 2, 3, 4]) = 27.7000%
[2025-11-09 09:15:23] [INFO] -            [Shapley] V(S=[1]) = 25.1300%
[2025-11-09 09:15:24] [INFO] -            [Shapley] V(S=[1, 3]) = 21.4600%
[2025-11-09 09:15:25] [INFO] -            [Shapley] V(S=[1, 3, 4]) = 25.0100%
[2025-11-09 09:15:26] [INFO] -            [Shapley] V(S=[1, 2, 3, 4]) = 24.7400%
[2025-11-09 09:15:27] [INFO] -            [Shapley] V(S=[0, 1, 2, 3, 4]) = 27.7000%
[2025-11-09 09:15:28] [INFO] -            [Shapley] V(S=[1]) = 25.1300%
[2025-11-09 09:15:29] [INFO] -            [Shapley] V(S=[1, 2]) = 25.0000%
[2025-11-09 09:15:31] [INFO] -            [Shapley] V(S=[1, 2, 3]) = 22.7700%
[2025-11-09 09:15:32] [INFO] -            [Shapley] V(S=[0, 1, 2, 3]) = 25.4800%
[2025-11-09 09:15:33] [INFO] -            [Shapley] V(S=[0, 1, 2, 3, 4]) = 27.7000%
[2025-11-09 09:15:34] [INFO] -            [Shapley] V(S=[2]) = 26.5100%
[2025-11-09 09:15:35] [INFO] -            [Shapley] V(S=[2, 4]) = 28.7200%
[2025-11-09 09:15:37] [INFO] -            [Shapley] V(S=[1, 2, 4]) = 27.1800%
[2025-11-09 09:15:38] [INFO] -            [Shapley] V(S=[0, 1, 2, 4]) = 28.6100%
[2025-11-09 09:15:39] [INFO] -            [Shapley] V(S=[0, 1, 2, 3, 4]) = 27.7000%
[2025-11-09 09:15:40] [INFO] -            [Shapley] V(S=[4]) = 30.6900%
[2025-11-09 09:15:41] [INFO] -            [Shapley] V(S=[2, 4]) = 28.7200%
[2025-11-09 09:15:42] [INFO] -            [Shapley] V(S=[2, 3, 4]) = 24.3700%
[2025-11-09 09:15:44] [INFO] -            [Shapley] V(S=[0, 2, 3, 4]) = 27.9100%
[2025-11-09 09:15:45] [INFO] -            [Shapley] V(S=[0, 1, 2, 3, 4]) = 27.7000%
[2025-11-09 09:15:45] [INFO] -            [Shapley] V(S=[3]) = 14.9500%
[2025-11-09 09:15:47] [INFO] -            [Shapley] V(S=[1, 3]) = 21.4600%
[2025-11-09 09:15:48] [INFO] -            [Shapley] V(S=[1, 2, 3]) = 22.7700%
[2025-11-09 09:15:49] [INFO] -            [Shapley] V(S=[1, 2, 3, 4]) = 24.7400%
[2025-11-09 09:15:50] [INFO] -            [Shapley] V(S=[0, 1, 2, 3, 4]) = 27.7000%
[2025-11-09 09:15:51] [INFO] -            [Shapley] V(S=[0]) = 19.0600%
[2025-11-09 09:15:52] [INFO] -            [Shapley] V(S=[0, 1]) = 23.4600%
[2025-11-09 09:15:54] [INFO] -            [Shapley] V(S=[0, 1, 4]) = 27.7800%
[2025-11-09 09:15:55] [INFO] -            [Shapley] V(S=[0, 1, 3, 4]) = 31.8000%
[2025-11-09 09:15:56] [INFO] -            [Shapley] V(S=[0, 1, 2, 3, 4]) = 27.7000%
[2025-11-09 09:15:57] [INFO] -            [Shapley] V(S=[0]) = 19.0600%
[2025-11-09 09:15:58] [INFO] -            [Shapley] V(S=[0, 4]) = 27.9800%
[2025-11-09 09:16:00] [INFO] -            [Shapley] V(S=[0, 2, 4]) = 28.2600%
[2025-11-09 09:16:01] [INFO] -            [Shapley] V(S=[0, 2, 3, 4]) = 27.9100%
[2025-11-09 09:16:02] [INFO] -            [Shapley] V(S=[0, 1, 2, 3, 4]) = 27.7000%
[2025-11-09 09:16:03] [INFO] -            [Shapley] V(S=[0]) = 19.0600%
[2025-11-09 09:16:04] [INFO] -            [Shapley] V(S=[0, 2]) = 22.8300%
[2025-11-09 09:16:06] [INFO] -            [Shapley] V(S=[0, 1, 2]) = 24.8500%
[2025-11-09 09:16:07] [INFO] -            [Shapley] V(S=[0, 1, 2, 4]) = 28.6100%
[2025-11-09 09:16:08] [INFO] -            [Shapley] V(S=[0, 1, 2, 3, 4]) = 27.7000%
[2025-11-09 09:16:09] [INFO] -            [Shapley] V(S=[4]) = 30.6900%
[2025-11-09 09:16:10] [INFO] -            [Shapley] V(S=[3, 4]) = 24.3200%
[2025-11-09 09:16:11] [INFO] -            [Shapley] V(S=[2, 3, 4]) = 24.3700%
[2025-11-09 09:16:13] [INFO] -            [Shapley] V(S=[0, 2, 3, 4]) = 27.9100%
[2025-11-09 09:16:14] [INFO] -            [Shapley] V(S=[0, 1, 2, 3, 4]) = 27.7000%
[2025-11-09 09:16:15] [INFO] -            [Shapley] V(S=[3]) = 14.9500%
[2025-11-09 09:16:16] [INFO] -            [Shapley] V(S=[0, 3]) = 25.9900%
[2025-11-09 09:16:17] [INFO] -            [Shapley] V(S=[0, 3, 4]) = 30.7900%
[2025-11-09 09:16:18] [INFO] -            [Shapley] V(S=[0, 1, 3, 4]) = 31.8000%
[2025-11-09 09:16:19] [INFO] -            [Shapley] V(S=[0, 1, 2, 3, 4]) = 27.7000%
[2025-11-09 09:16:21] [INFO] -            [Shapley] V(S=[4]) = 30.6900%
[2025-11-09 09:16:22] [INFO] -            [Shapley] V(S=[0, 4]) = 27.9800%
[2025-11-09 09:16:23] [INFO] -            [Shapley] V(S=[0, 2, 4]) = 28.2600%
[2025-11-09 09:16:24] [INFO] -            [Shapley] V(S=[0, 1, 2, 4]) = 28.6100%
[2025-11-09 09:16:25] [INFO] -            [Shapley] V(S=[0, 1, 2, 3, 4]) = 27.7000%
[2025-11-09 09:16:27] [INFO] -            [Shapley] V(S=[2]) = 26.5100%
[2025-11-09 09:16:28] [INFO] -            [Shapley] V(S=[2, 4]) = 28.7200%
[2025-11-09 09:16:29] [INFO] -            [Shapley] V(S=[1, 2, 4]) = 27.1800%
[2025-11-09 09:16:30] [INFO] -            [Shapley] V(S=[0, 1, 2, 4]) = 28.6100%
[2025-11-09 09:16:31] [INFO] -            [Shapley] V(S=[0, 1, 2, 3, 4]) = 27.7000%
[2025-11-09 09:16:33] [INFO] -            [Shapley] V(S=[1]) = 25.1300%
[2025-11-09 09:16:34] [INFO] -            [Shapley] V(S=[0, 1]) = 23.4600%
[2025-11-09 09:16:35] [INFO] -            [Shapley] V(S=[0, 1, 3]) = 27.2400%
[2025-11-09 09:16:36] [INFO] -            [Shapley] V(S=[0, 1, 2, 3]) = 25.4800%
[2025-11-09 09:16:37] [INFO] -            [Shapley] V(S=[0, 1, 2, 3, 4]) = 27.7000%
[2025-11-09 09:16:39] [INFO] -            [Shapley] V(S=[3]) = 14.9500%
[2025-11-09 09:16:40] [INFO] -            [Shapley] V(S=[3, 4]) = 24.3200%
[2025-11-09 09:16:41] [INFO] -            [Shapley] V(S=[0, 3, 4]) = 30.7900%
[2025-11-09 09:16:42] [INFO] -            [Shapley] V(S=[0, 1, 3, 4]) = 31.8000%
[2025-11-09 09:16:43] [INFO] -            [Shapley] V(S=[0, 1, 2, 3, 4]) = 27.7000%
[2025-11-09 09:16:45] [INFO] -            [Shapley] V(S=[4]) = 30.6900%
[2025-11-09 09:16:46] [INFO] -            [Shapley] V(S=[1, 4]) = 29.4600%
[2025-11-09 09:16:47] [INFO] -            [Shapley] V(S=[0, 1, 4]) = 27.7800%
[2025-11-09 09:16:48] [INFO] -            [Shapley] V(S=[0, 1, 3, 4]) = 31.8000%
[2025-11-09 09:16:48] [INFO] -            [Shapley] V(S=[0, 1, 2, 3, 4]) = 27.7000%
[2025-11-09 09:16:50] [INFO] -            [Shapley] V(S=[0]) = 19.0600%
[2025-11-09 09:16:51] [INFO] -            [Shapley] V(S=[0, 1]) = 23.4600%
[2025-11-09 09:16:52] [INFO] -            [Shapley] V(S=[0, 1, 2]) = 24.8500%
[2025-11-09 09:16:53] [INFO] -            [Shapley] V(S=[0, 1, 2, 4]) = 28.6100%
[2025-11-09 09:16:54] [INFO] -            [Shapley] V(S=[0, 1, 2, 3, 4]) = 27.7000%
[2025-11-09 09:16:55] [INFO] -            [Shapley] V(S=[3]) = 14.9500%
[2025-11-09 09:16:57] [INFO] -            [Shapley] V(S=[2, 3]) = 21.4900%
[2025-11-09 09:16:58] [INFO] -            [Shapley] V(S=[2, 3, 4]) = 24.3700%
[2025-11-09 09:16:59] [INFO] -            [Shapley] V(S=[1, 2, 3, 4]) = 24.7400%
[2025-11-09 09:17:00] [INFO] -            [Shapley] V(S=[0, 1, 2, 3, 4]) = 27.7000%
[2025-11-09 09:17:00] [INFO] - [Server] Shapley Values (TMC) 算出完了:
[2025-11-09 09:17:00] [INFO] -          Client 0: phi = 7.0425
[2025-11-09 09:17:00] [INFO] -          Client 1: phi = 6.1255
[2025-11-09 09:17:00] [INFO] -          Client 2: phi = 2.0840
[2025-11-09 09:17:00] [INFO] -          Client 3: phi = 3.0235
[2025-11-09 09:17:00] [INFO] -          Client 4: phi = 9.4245
[2025-11-09 09:17:00] [INFO] - 
[Server] Gradient-based Proxy Validation を開始...
[2025-11-09 09:17:00] [INFO] - [Proxy Validation] 各クライアントの勾配貢献度 (C_i) を計算:
[2025-11-09 09:17:00] [INFO] -          Client 0: C_i = 1.3830e-01
[2025-11-09 09:17:00] [INFO] -          Client 1: C_i = 2.2743e-01
[2025-11-09 09:17:00] [INFO] -          Client 2: C_i = 1.9958e-01
[2025-11-09 09:17:00] [INFO] -          Client 3: C_i = 1.4841e-01
[2025-11-09 09:17:00] [INFO] -          Client 4: C_i = 1.1373e-01
[2025-11-09 09:17:00] [INFO] - 
========================================
[2025-11-09 09:17:00] [INFO] - --- Gradient-based Proxy 検証結果 ---
[2025-11-09 09:17:00] [INFO] - ========================================
[2025-11-09 09:17:00] [INFO] - Client ID  | Phi (Shapley値)    | C_i (Proxyスコア)   
[2025-11-09 09:17:00] [INFO] - ------------------------------------------------
[2025-11-09 09:17:00] [INFO] - 0          | 7.0425            | 1.3830e-01       
[2025-11-09 09:17:00] [INFO] - 1          | 6.1255            | 2.2743e-01       
[2025-11-09 09:17:00] [INFO] - 2          | 2.0840            | 1.9958e-01       
[2025-11-09 09:17:00] [INFO] - 3          | 3.0235            | 1.4841e-01       
[2025-11-09 09:17:00] [INFO] - 4          | 9.4245            | 1.1373e-01       
[2025-11-09 09:17:00] [INFO] - ------------------------------------------------
[2025-11-09 09:17:00] [INFO] - 
[相関分析結果]
[2025-11-09 09:17:00] [INFO] - スピアマン相関係数 (rho) : -0.7000 (p-value: 0.1881)
[2025-11-09 09:17:00] [INFO] - 
[結論] 相関が低いか負であり、Shapley値の妥当性に疑問があります。
[2025-11-09 09:17:00] [INFO] -          [Server] Round 20 Avg Reward (All Clients): 51.01%
[2025-11-09 09:17:00] [INFO] - 
[Main] Round 20: グローバルテスト精度を計算中...
[2025-11-09 09:17:02] [INFO] - ====== [Main] Round 20 Global Test Accuracy: 27.7000% ======
[2025-11-09 09:17:02] [INFO] - ------------------------------
[2025-11-09 09:17:02] [INFO] - --- [パート1] 学習完了 --- (総所要時間: 744.02 秒)
[2025-11-09 09:17:02] [INFO] - 
[Main] すべての処理が完了しました。
